<?xml version="1.0" encoding="UTF-8"?>
<!-- Generated by org.testng.reporters.JUnitReportReporter -->
<testsuite skipped="0" hostname="DESKTOP-KHEI6LJ" name="ReportPkg.reportclass" tests="2" failures="0" timestamp="2020-01-29T18:35:35 EST" time="8.559" errors="0">
  <testcase name="Fr1Test1" time="8.259" classname="ReportPkg.reportclass"/>
  <system-out/>
  <testcase name="Fr1Test2" time="0.300" classname="ReportPkg.reportclass"/>
  <system-out/>
</testsuite> <!-- ReportPkg.reportclass -->
